<?xml version="1.0" encoding="UTF-8"?>
<!-- Generated by org.testng.reporters.JUnitReportReporter -->
<testsuite hostname="DESKTOP-F0JQ5GI" failures="0" tests="3" name="paytmapp.SearchProductTest" time="1.679" errors="1" timestamp="2021-06-30T16:03:17 IST" skipped="2">
  <testcase classname="paytmapp.SearchProductTest" name="validateSortingInProductDeatails" time="0.000">
    <skipped/>
  </testcase> <!-- validateSortingInProductDeatails -->
  <system-out/>
  <testcase classname="paytmapp.SearchProductTest" name="intializeDriver" time="1.679">
    <error message="session not created: This version of ChromeDriver only supports Chrome version 87
Current browser version is 91.0.4472.77 with binary path C:\Program Files\Google\Chrome\Application\chrome.exe
Build info: version: &#039;3.141.59&#039;, revision: &#039;e82be7d358&#039;, time: &#039;2018-11-14T08:17:03&#039;
System info: host: &#039;DESKTOP-F0JQ5GI&#039;, ip: &#039;192.168.0.105&#039;, os.name: &#039;Windows 10&#039;, os.arch: &#039;amd64&#039;, os.version: &#039;10.0&#039;, java.version: &#039;15.0.1&#039;
Driver info: driver.version: ChromeDriver
remote stacktrace: Backtrace:
	Ordinal0 [0x0037C0C3+3326147]
	Ordinal0 [0x00260851+2164817]
	Ordinal0 [0x000E7298+619160]
	Ordinal0 [0x00061D92+73106]
	Ordinal0 [0x0005E119+57625]
	Ordinal0 [0x0005C38A+50058]
	Ordinal0 [0x00085F3E+220990]
	Ordinal0 [0x00085CAC+220332]
	Ordinal0 [0x0008189B+202907]
	Ordinal0 [0x00063DF4+81396]
	Ordinal0 [0x00064DEE+85486]
	Ordinal0 [0x00064D79+85369]
	Ordinal0 [0x002785DC+2262492]
	GetHandleVerifier [0x00502874+1487204]
	GetHandleVerifier [0x005023CD+1486013]
	GetHandleVerifier [0x0050A368+1518680]
	GetHandleVerifier [0x00502F4E+1488958]
	Ordinal0 [0x0026ED0D+2223373]
	Ordinal0 [0x0027A12B+2269483]
	Ordinal0 [0x0027A26F+2269807]
	Ordinal0 [0x0028ECB8+2354360]
	BaseThreadInitThunk [0x772EFA29+25]
	RtlGetAppContainerNamedObjectPath [0x77A77A7E+286]
	RtlGetAppContainerNamedObjectPath [0x77A77A4E+238]
	(No symbol) [0x00000000]
" type="org.openqa.selenium.SessionNotCreatedException">
      <![CDATA[org.openqa.selenium.SessionNotCreatedException: session not created: This version of ChromeDriver only supports Chrome version 87
Current browser version is 91.0.4472.77 with binary path C:\Program Files\Google\Chrome\Application\chrome.exe
Build info: version: '3.141.59', revision: 'e82be7d358', time: '2018-11-14T08:17:03'
System info: host: 'DESKTOP-F0JQ5GI', ip: '192.168.0.105', os.name: 'Windows 10', os.arch: 'amd64', os.version: '10.0', java.version: '15.0.1'
Driver info: driver.version: ChromeDriver
remote stacktrace: Backtrace:
Ordinal0 [0x0037C0C3+3326147]
Ordinal0 [0x00260851+2164817]
Ordinal0 [0x000E7298+619160]
Ordinal0 [0x00061D92+73106]
Ordinal0 [0x0005E119+57625]
Ordinal0 [0x0005C38A+50058]
Ordinal0 [0x00085F3E+220990]
Ordinal0 [0x00085CAC+220332]
Ordinal0 [0x0008189B+202907]
Ordinal0 [0x00063DF4+81396]
Ordinal0 [0x00064DEE+85486]
Ordinal0 [0x00064D79+85369]
Ordinal0 [0x002785DC+2262492]
GetHandleVerifier [0x00502874+1487204]
GetHandleVerifier [0x005023CD+1486013]
GetHandleVerifier [0x0050A368+1518680]
GetHandleVerifier [0x00502F4E+1488958]
Ordinal0 [0x0026ED0D+2223373]
Ordinal0 [0x0027A12B+2269483]
Ordinal0 [0x0027A26F+2269807]
Ordinal0 [0x0028ECB8+2354360]
BaseThreadInitThunk [0x772EFA29+25]
RtlGetAppContainerNamedObjectPath [0x77A77A7E+286]
RtlGetAppContainerNamedObjectPath [0x77A77A4E+238]
(No symbol) [0x00000000]

at java.base/jdk.internal.reflect.NativeConstructorAccessorImpl.newInstance0(Native Method)
at java.base/jdk.internal.reflect.NativeConstructorAccessorImpl.newInstance(NativeConstructorAccessorImpl.java:64)
at java.base/jdk.internal.reflect.DelegatingConstructorAccessorImpl.newInstance(DelegatingConstructorAccessorImpl.java:45)
at java.base/java.lang.reflect.Constructor.newInstanceWithCaller(Constructor.java:500)
at java.base/java.lang.reflect.Constructor.newInstance(Constructor.java:481)
at org.openqa.selenium.remote.W3CHandshakeResponse.lambda$errorHandler$0(W3CHandshakeResponse.java:62)
at org.openqa.selenium.remote.HandshakeResponse.lambda$getResponseFunction$0(HandshakeResponse.java:30)
at org.openqa.selenium.remote.ProtocolHandshake.lambda$createSession$0(ProtocolHandshake.java:126)
at java.base/java.util.stream.ReferencePipeline$3$1.accept(ReferencePipeline.java:195)
at java.base/java.util.Spliterators$ArraySpliterator.tryAdvance(Spliterators.java:958)
at java.base/java.util.stream.ReferencePipeline.forEachWithCancel(ReferencePipeline.java:127)
at java.base/java.util.stream.AbstractPipeline.copyIntoWithCancel(AbstractPipeline.java:502)
at java.base/java.util.stream.AbstractPipeline.copyInto(AbstractPipeline.java:488)
at java.base/java.util.stream.AbstractPipeline.wrapAndCopyInto(AbstractPipeline.java:474)
at java.base/java.util.stream.FindOps$FindOp.evaluateSequential(FindOps.java:150)
at java.base/java.util.stream.AbstractPipeline.evaluate(AbstractPipeline.java:234)
at java.base/java.util.stream.ReferencePipeline.findFirst(ReferencePipeline.java:543)
at org.openqa.selenium.remote.ProtocolHandshake.createSession(ProtocolHandshake.java:128)
at org.openqa.selenium.remote.ProtocolHandshake.createSession(ProtocolHandshake.java:74)
at org.openqa.selenium.remote.HttpCommandExecutor.execute(HttpCommandExecutor.java:136)
at org.openqa.selenium.remote.service.DriverCommandExecutor.execute(DriverCommandExecutor.java:83)
at org.openqa.selenium.remote.RemoteWebDriver.execute(RemoteWebDriver.java:552)
at org.openqa.selenium.remote.RemoteWebDriver.startSession(RemoteWebDriver.java:213)
at org.openqa.selenium.remote.RemoteWebDriver.<init>(RemoteWebDriver.java:131)
at org.openqa.selenium.chrome.ChromeDriver.<init>(ChromeDriver.java:181)
at org.openqa.selenium.chrome.ChromeDriver.<init>(ChromeDriver.java:168)
at org.openqa.selenium.chrome.ChromeDriver.<init>(ChromeDriver.java:123)
at Utilities.Base$1.initialValue(Base.java:28)
at Utilities.Base$1.initialValue(Base.java:1)
at java.base/java.lang.ThreadLocal.setInitialValue(ThreadLocal.java:195)
at java.base/java.lang.ThreadLocal.get(ThreadLocal.java:172)
at Utilities.Base.init(Base.java:31)
at paytmapp.SearchProductTest.intializeDriver(SearchProductTest.java:31)
at java.base/jdk.internal.reflect.NativeMethodAccessorImpl.invoke0(Native Method)
at java.base/jdk.internal.reflect.NativeMethodAccessorImpl.invoke(NativeMethodAccessorImpl.java:64)
at java.base/jdk.internal.reflect.DelegatingMethodAccessorImpl.invoke(DelegatingMethodAccessorImpl.java:43)
at java.base/java.lang.reflect.Method.invoke(Method.java:564)
at org.testng.internal.MethodInvocationHelper.invokeMethod(MethodInvocationHelper.java:132)
at org.testng.internal.MethodInvocationHelper.invokeMethodConsideringTimeout(MethodInvocationHelper.java:61)
at org.testng.internal.ConfigInvoker.invokeConfigurationMethod(ConfigInvoker.java:366)
at org.testng.internal.ConfigInvoker.invokeConfigurations(ConfigInvoker.java:320)
at org.testng.internal.TestMethodWorker.invokeBeforeClassMethods(TestMethodWorker.java:176)
at org.testng.internal.TestMethodWorker.run(TestMethodWorker.java:122)
at java.base/java.util.ArrayList.forEach(ArrayList.java:1511)
at org.testng.TestRunner.privateRun(TestRunner.java:764)
at org.testng.TestRunner.run(TestRunner.java:585)
at org.testng.SuiteRunner.runTest(SuiteRunner.java:384)
at org.testng.SuiteRunner.runSequentially(SuiteRunner.java:378)
at org.testng.SuiteRunner.privateRun(SuiteRunner.java:337)
at org.testng.SuiteRunner.run(SuiteRunner.java:286)
at org.testng.SuiteRunnerWorker.runSuite(SuiteRunnerWorker.java:53)
at org.testng.SuiteRunnerWorker.run(SuiteRunnerWorker.java:96)
at org.testng.TestNG.runSuitesSequentially(TestNG.java:1218)
at org.testng.TestNG.runSuitesLocally(TestNG.java:1140)
at org.testng.TestNG.runSuites(TestNG.java:1069)
at org.testng.TestNG.run(TestNG.java:1037)
at org.testng.remote.AbstractRemoteTestNG.run(AbstractRemoteTestNG.java:115)
at org.testng.remote.RemoteTestNG.initAndRun(RemoteTestNG.java:251)
at org.testng.remote.RemoteTestNG.main(RemoteTestNG.java:77)
]]>
    </error>
  </testcase> <!-- intializeDriver -->
  <system-out/>
  <testcase classname="paytmapp.SearchProductTest" name="validateSortingInProductDeatails" time="0.000">
    <skipped/>
  </testcase> <!-- validateSortingInProductDeatails -->
  <system-out/>
</testsuite> <!-- paytmapp.SearchProductTest -->
